2025-06-11 14:14:02,835 - __main__ - ERROR - Failed to start server: 'OrderHandler' object has no attribute 'send_daily_reminder'
2025-06-16 11:49:10,342 - __main__ - INFO - Starting BrotBot server...
2025-06-16 11:49:12,720 - __main__ - INFO - Starting BrotBot server...
2025-06-16 11:58:05,502 - __main__ - INFO - Starting BrotBot server...
2025-06-16 11:58:08,921 - __main__ - INFO - Starting BrotBot server...
2025-06-16 12:12:05,222 - __main__ - INFO - Starting BrotBot server...
2025-06-16 12:12:07,545 - __main__ - INFO - Starting BrotBot server...
2025-06-24 11:44:41,478 - __main__ - INFO - Starting BrotBot server...
2025-06-24 11:44:42,349 - __main__ - INFO - Starting BrotBot server...
2025-06-24 11:47:31,662 - __main__ - INFO - Starting BrotBot server...
2025-06-24 11:47:33,307 - __main__ - INFO - Starting BrotBot server...
2025-06-24 11:47:34,264 - __main__ - INFO - Starting BrotBot server...
2025-06-24 12:14:10,743 - __main__ - INFO - Starting BrotBot server...
2025-06-24 12:56:39,860 - __main__ - INFO - Starting BrotBot server...
2025-06-24 13:00:45,845 - __main__ - INFO - Starting BrotBot server...
2025-06-24 14:50:39,753 - __main__ - INFO - Starting BrotBot server...
2025-06-24 14:51:20,014 - __main__ - INFO - Starting BrotBot server...
2025-06-24 14:54:25,024 - __main__ - INFO - Starting BrotBot server...
2025-06-24 14:54:25,924 - __main__ - INFO - Starting BrotBot server...
2025-06-26 11:28:30,896 - __main__ - INFO - Starting BrotBot server...
2025-06-26 11:46:10,200 - __main__ - INFO - Starting BrotBot server...
2025-06-26 11:46:11,077 - __main__ - INFO - Starting BrotBot server...
2025-06-26 11:54:06,789 - __main__ - INFO - Starting BrotBot server...
2025-06-26 11:54:46,220 - __main__ - INFO - Starting BrotBot server...
2025-06-26 11:54:47,086 - __main__ - INFO - Starting BrotBot server...
2025-06-26 11:55:39,465 - app.handlers.order.order_commands - ERROR - Either text or blocks must be provided
2025-06-26 11:55:50,713 - app.handlers.order.order_commands - ERROR - Either text or blocks must be provided
2025-06-26 11:56:05,643 - __main__ - INFO - Starting BrotBot server...
2025-06-26 11:58:15,237 - __main__ - INFO - Starting BrotBot server...
2025-06-26 11:58:16,097 - __main__ - INFO - Starting BrotBot server...
2025-06-26 11:58:47,327 - __main__ - INFO - Starting BrotBot server...
2025-06-26 12:08:15,993 - __main__ - INFO - Starting BrotBot server...
2025-06-26 12:08:16,871 - __main__ - INFO - Starting BrotBot server...
2025-06-26 12:16:40,969 - __main__ - INFO - Starting BrotBot server...
2025-06-26 12:17:10,227 - __main__ - INFO - Starting BrotBot server...
2025-06-26 12:17:14,462 - __main__ - INFO - Starting BrotBot server...
2025-06-26 12:17:15,339 - __main__ - INFO - Starting BrotBot server...
2025-06-26 12:25:40,515 - __main__ - INFO - Starting BrotBot server...
2025-06-26 12:25:41,351 - __main__ - INFO - Starting BrotBot server...
2025-06-26 12:27:39,130 - __main__ - INFO - Starting BrotBot server...
2025-06-26 12:27:40,053 - __main__ - INFO - Starting BrotBot server...
2025-06-26 12:28:52,653 - __main__ - INFO - Starting BrotBot server...
2025-06-26 12:31:35,824 - __main__ - INFO - Starting BrotBot server...
2025-06-26 12:31:36,766 - __main__ - INFO - Starting BrotBot server...
2025-06-26 14:09:39,878 - __main__ - INFO - Starting BrotBot server...
2025-06-26 14:34:15,110 - __main__ - INFO - Starting BrotBot server...
2025-06-26 14:34:16,002 - __main__ - INFO - Starting BrotBot server...
2025-06-26 14:34:23,229 - app.handlers.order.order_commands - ERROR - Error listing orders: name 'datetime' is not defined
2025-06-26 14:35:45,195 - __main__ - INFO - Starting BrotBot server...
2025-06-26 14:35:46,111 - __main__ - INFO - Starting BrotBot server...
2025-06-26 14:35:51,855 - app.handlers.order.order_commands - ERROR - Error listing orders: name 'BLOCK_DEFAULTS' is not defined
2025-06-26 14:38:24,032 - __main__ - INFO - Starting BrotBot server...
2025-06-26 14:38:24,847 - __main__ - INFO - Starting BrotBot server...
2025-06-26 14:49:17,143 - __main__ - INFO - Starting BrotBot server...
2025-06-26 14:49:18,031 - __main__ - INFO - Starting BrotBot server...
2025-06-26 14:49:23,625 - app.handlers.order.order_commands - ERROR - Error listing orders: name 'create_order_list_attachments' is not defined
2025-06-26 14:57:32,403 - __main__ - INFO - Starting BrotBot server...
2025-06-26 14:57:33,277 - __main__ - INFO - Starting BrotBot server...
2025-06-30 12:02:31,122 - __main__ - INFO - Starting BrotBot server...
2025-06-30 12:22:33,705 - __main__ - INFO - Starting BrotBot server...
2025-06-30 12:22:34,573 - __main__ - INFO - Starting BrotBot server...
2025-06-30 12:24:16,211 - __main__ - INFO - Starting BrotBot server...
2025-06-30 12:24:17,107 - __main__ - INFO - Starting BrotBot server...
2025-06-30 12:27:32,346 - __main__ - INFO - Starting BrotBot server...
2025-06-30 12:27:34,372 - __main__ - INFO - Starting BrotBot server...
2025-06-30 12:27:35,265 - __main__ - INFO - Starting BrotBot server...
2025-06-30 12:28:31,234 - __main__ - INFO - Starting BrotBot server...
2025-06-30 12:28:32,104 - __main__ - INFO - Starting BrotBot server...
